2025-07-13 15:10:10 - o.h.validator.internal.util.Version - HV000001: Hibernate Validator 8.0.2.Final
2025-07-13 15:10:10 - com.morosa.abode.AbodeApplication - Starting AbodeApplication using Java 21.0.7 with PID 34826 (/Users/plutus/Downloads/abode/target/classes started by plutus in /Users/plutus/Downloads/abode)
2025-07-13 15:10:10 - com.morosa.abode.AbodeApplication - No active profile set, falling back to 1 default profile: "default"
2025-07-13 15:10:10 - o.s.d.r.c.RepositoryConfigurationDelegate - Bootstrapping Spring Data JPA repositories in DEFAULT mode.
2025-07-13 15:10:10 - o.s.d.r.c.RepositoryConfigurationDelegate - Finished Spring Data repository scanning in 17 ms. Found 1 JPA repository interface.
2025-07-13 15:10:10 - o.s.b.w.e.tomcat.TomcatWebServer - Tomcat initialized with port 8000 (http)
2025-07-13 15:10:10 - o.a.coyote.http11.Http11NioProtocol - Initializing ProtocolHandler ["http-nio-8000"]
2025-07-13 15:10:10 - o.a.catalina.core.StandardService - Starting service [Tomcat]
2025-07-13 15:10:10 - o.a.catalina.core.StandardEngine - Starting Servlet engine: [Apache Tomcat/10.1.42]
2025-07-13 15:10:10 - o.a.c.c.C.[Tomcat].[localhost].[/] - Initializing Spring embedded WebApplicationContext
2025-07-13 15:10:10 - o.s.b.w.s.c.ServletWebServerApplicationContext - Root WebApplicationContext: initialization completed in 579 ms
2025-07-13 15:10:10 - o.h.jpa.internal.util.LogHelper - HHH000204: Processing PersistenceUnitInfo [name: default]
2025-07-13 15:10:10 - org.hibernate.Version - HHH000412: Hibernate ORM core version 6.6.18.Final
2025-07-13 15:10:10 - o.h.c.i.RegionFactoryInitiator - HHH000026: Second-level cache disabled
2025-07-13 15:10:10 - o.s.o.j.p.SpringPersistenceUnitInfo - No LoadTimeWeaver setup: ignoring JPA class transformer
2025-07-13 15:10:10 - com.zaxxer.hikari.HikariDataSource - HikariPool-1 - Starting...
2025-07-13 15:10:10 - com.zaxxer.hikari.pool.HikariPool - HikariPool-1 - Added connection org.postgresql.jdbc.PgConnection@b86cb18
2025-07-13 15:10:10 - com.zaxxer.hikari.HikariDataSource - HikariPool-1 - Start completed.
2025-07-13 15:10:10 - o.hibernate.orm.connections.pooling - HHH10001005: Database info:
	Database JDBC URL [Connecting through datasource 'HikariDataSource (HikariPool-1)']
	Database driver: undefined/unknown
	Database version: 15.13
	Autocommit mode: undefined/unknown
	Isolation level: undefined/unknown
	Minimum pool size: undefined/unknown
	Maximum pool size: undefined/unknown
2025-07-13 15:10:11 - o.h.e.t.j.p.i.JtaPlatformInitiator - HHH000489: No JTA platform available (set 'hibernate.transaction.jta.platform' to enable JTA platform integration)
2025-07-13 15:10:11 - o.s.o.j.LocalContainerEntityManagerFactoryBean - Initialized JPA EntityManagerFactory for persistence unit 'default'
2025-07-13 15:10:11 - o.s.b.a.o.j.JpaBaseConfiguration$JpaWebConfiguration - spring.jpa.open-in-view is enabled by default. Therefore, database queries may be performed during view rendering. Explicitly configure spring.jpa.open-in-view to disable this warning
2025-07-13 15:10:11 - o.s.b.a.s.s.UserDetailsServiceAutoConfiguration - 

Using generated security password: 9fb63bd3-15e0-409f-b125-c4d4e49ce6a9

This generated password is for development use only. Your security configuration must be updated before running your application in production.

2025-07-13 15:10:11 - o.s.s.c.a.a.c.InitializeUserDetailsBeanManagerConfigurer$InitializeUserDetailsManagerConfigurer - Global AuthenticationManager configured with UserDetailsService bean with name inMemoryUserDetailsManager
2025-07-13 15:10:11 - o.s.w.s.m.m.a.RequestMappingHandlerMapping - 4 mappings in 'requestMappingHandlerMapping'
2025-07-13 15:10:11 - o.s.w.s.h.SimpleUrlHandlerMapping - Patterns [/webjars/**, /**] in 'resourceHandlerMapping'
2025-07-13 15:10:11 - o.s.w.s.m.m.a.RequestMappingHandlerAdapter - ControllerAdvice beans: 0 @ModelAttribute, 0 @InitBinder, 1 RequestBodyAdvice, 1 ResponseBodyAdvice
2025-07-13 15:10:11 - o.s.w.s.m.m.a.ExceptionHandlerExceptionResolver - ControllerAdvice beans: 1 @ExceptionHandler, 1 ResponseBodyAdvice
2025-07-13 15:10:11 - o.a.coyote.http11.Http11NioProtocol - Starting ProtocolHandler ["http-nio-8000"]
2025-07-13 15:10:11 - o.s.b.w.e.tomcat.TomcatWebServer - Tomcat started on port 8000 (http) with context path '/'
2025-07-13 15:10:11 - com.morosa.abode.AbodeApplication - Started AbodeApplication in 2.015 seconds (process running for 2.148)
2025-07-13 15:10:19 - o.a.c.c.C.[Tomcat].[localhost].[/] - Initializing Spring DispatcherServlet 'dispatcherServlet'
2025-07-13 15:10:19 - o.s.web.servlet.DispatcherServlet - Initializing Servlet 'dispatcherServlet'
2025-07-13 15:10:19 - o.s.web.servlet.DispatcherServlet - Detected StandardServletMultipartResolver
2025-07-13 15:10:19 - o.s.web.servlet.DispatcherServlet - Detected AcceptHeaderLocaleResolver
2025-07-13 15:10:19 - o.s.web.servlet.DispatcherServlet - Detected FixedThemeResolver
2025-07-13 15:10:19 - o.s.web.servlet.DispatcherServlet - Detected org.springframework.web.servlet.view.DefaultRequestToViewNameTranslator@53630682
2025-07-13 15:10:19 - o.s.web.servlet.DispatcherServlet - Detected org.springframework.web.servlet.support.SessionFlashMapManager@2e76ade9
2025-07-13 15:10:19 - o.s.web.servlet.DispatcherServlet - enableLoggingRequestDetails='false': request parameters and headers will be masked to prevent unsafe logging of potentially sensitive data
2025-07-13 15:10:19 - o.s.web.servlet.DispatcherServlet - Completed initialization in 1 ms
2025-07-13 15:10:19 - o.s.web.servlet.DispatcherServlet - GET "/", parameters={}
2025-07-13 15:10:19 - o.s.w.s.m.m.a.RequestMappingHandlerMapping - Mapped to com.morosa.abode.controller.HealthController#hello()
2025-07-13 15:10:19 - o.s.w.s.m.m.a.RequestResponseBodyMethodProcessor - Using 'text/html', given [text/html, application/xhtml+xml, image/avif, image/webp, image/apng, application/xml;q=0.9, */*;q=0.8, application/signed-exchange;v=b3;q=0.7] and supported [text/plain, */*, application/json, application/*+json]
2025-07-13 15:10:19 - o.s.w.s.m.m.a.RequestResponseBodyMethodProcessor - Writing ["NurseLink API is running."]
2025-07-13 15:10:19 - o.s.web.servlet.DispatcherServlet - Completed 200 OK
2025-07-13 15:10:33 - o.s.b.w.e.tomcat.GracefulShutdown - Commencing graceful shutdown. Waiting for active requests to complete
2025-07-13 15:10:33 - o.s.b.w.e.tomcat.GracefulShutdown - Graceful shutdown complete
2025-07-13 15:10:33 - o.s.o.j.LocalContainerEntityManagerFactoryBean - Closing JPA EntityManagerFactory for persistence unit 'default'
2025-07-13 15:10:33 - com.zaxxer.hikari.HikariDataSource - HikariPool-1 - Shutdown initiated...
2025-07-13 15:10:33 - com.zaxxer.hikari.HikariDataSource - HikariPool-1 - Shutdown completed.
2025-07-13 15:10:43 - o.h.validator.internal.util.Version - HV000001: Hibernate Validator 8.0.2.Final
2025-07-13 15:10:43 - com.morosa.abode.AbodeApplication - Starting AbodeApplication using Java 21.0.7 with PID 35284 (/Users/plutus/Downloads/abode/target/classes started by plutus in /Users/plutus/Downloads/abode)
2025-07-13 15:10:43 - com.morosa.abode.AbodeApplication - No active profile set, falling back to 1 default profile: "default"
2025-07-13 15:10:43 - o.s.d.r.c.RepositoryConfigurationDelegate - Bootstrapping Spring Data JPA repositories in DEFAULT mode.
2025-07-13 15:10:43 - o.s.d.r.c.RepositoryConfigurationDelegate - Finished Spring Data repository scanning in 15 ms. Found 1 JPA repository interface.
2025-07-13 15:10:43 - o.s.b.w.e.tomcat.TomcatWebServer - Tomcat initialized with port 8000 (http)
2025-07-13 15:10:43 - o.a.coyote.http11.Http11NioProtocol - Initializing ProtocolHandler ["http-nio-8000"]
2025-07-13 15:10:43 - o.a.catalina.core.StandardService - Starting service [Tomcat]
2025-07-13 15:10:43 - o.a.catalina.core.StandardEngine - Starting Servlet engine: [Apache Tomcat/10.1.42]
2025-07-13 15:10:43 - o.a.c.c.C.[Tomcat].[localhost].[/] - Initializing Spring embedded WebApplicationContext
2025-07-13 15:10:43 - o.s.b.w.s.c.ServletWebServerApplicationContext - Root WebApplicationContext: initialization completed in 461 ms
2025-07-13 15:10:43 - o.h.jpa.internal.util.LogHelper - HHH000204: Processing PersistenceUnitInfo [name: default]
2025-07-13 15:10:43 - org.hibernate.Version - HHH000412: Hibernate ORM core version 6.6.18.Final
2025-07-13 15:10:43 - o.h.c.i.RegionFactoryInitiator - HHH000026: Second-level cache disabled
2025-07-13 15:10:43 - o.s.o.j.p.SpringPersistenceUnitInfo - No LoadTimeWeaver setup: ignoring JPA class transformer
2025-07-13 15:10:43 - com.zaxxer.hikari.HikariDataSource - HikariPool-1 - Starting...
2025-07-13 15:10:43 - com.zaxxer.hikari.pool.HikariPool - HikariPool-1 - Added connection org.postgresql.jdbc.PgConnection@10d98940
2025-07-13 15:10:43 - com.zaxxer.hikari.HikariDataSource - HikariPool-1 - Start completed.
2025-07-13 15:10:44 - o.hibernate.orm.connections.pooling - HHH10001005: Database info:
	Database JDBC URL [Connecting through datasource 'HikariDataSource (HikariPool-1)']
	Database driver: undefined/unknown
	Database version: 15.13
	Autocommit mode: undefined/unknown
	Isolation level: undefined/unknown
	Minimum pool size: undefined/unknown
	Maximum pool size: undefined/unknown
2025-07-13 15:10:44 - o.h.e.t.j.p.i.JtaPlatformInitiator - HHH000489: No JTA platform available (set 'hibernate.transaction.jta.platform' to enable JTA platform integration)
2025-07-13 15:10:44 - o.s.o.j.LocalContainerEntityManagerFactoryBean - Initialized JPA EntityManagerFactory for persistence unit 'default'
2025-07-13 15:10:44 - o.s.b.a.o.j.JpaBaseConfiguration$JpaWebConfiguration - spring.jpa.open-in-view is enabled by default. Therefore, database queries may be performed during view rendering. Explicitly configure spring.jpa.open-in-view to disable this warning
2025-07-13 15:10:44 - o.s.w.s.m.m.a.RequestMappingHandlerMapping - 4 mappings in 'requestMappingHandlerMapping'
2025-07-13 15:10:44 - o.s.w.s.h.SimpleUrlHandlerMapping - Patterns [/webjars/**, /**] in 'resourceHandlerMapping'
2025-07-13 15:10:44 - o.s.w.s.m.m.a.RequestMappingHandlerAdapter - ControllerAdvice beans: 0 @ModelAttribute, 0 @InitBinder, 1 RequestBodyAdvice, 1 ResponseBodyAdvice
2025-07-13 15:10:44 - o.s.w.s.m.m.a.ExceptionHandlerExceptionResolver - ControllerAdvice beans: 1 @ExceptionHandler, 1 ResponseBodyAdvice
2025-07-13 15:10:44 - o.s.b.a.s.s.UserDetailsServiceAutoConfiguration - 

Using generated security password: cd62224e-9762-4361-a4aa-9ebe40fe820f

This generated password is for development use only. Your security configuration must be updated before running your application in production.

2025-07-13 15:10:44 - o.s.s.c.a.a.c.InitializeUserDetailsBeanManagerConfigurer$InitializeUserDetailsManagerConfigurer - Global AuthenticationManager configured with UserDetailsService bean with name inMemoryUserDetailsManager
2025-07-13 15:10:44 - o.a.coyote.http11.Http11NioProtocol - Starting ProtocolHandler ["http-nio-8000"]
2025-07-13 15:10:44 - o.s.b.w.e.tomcat.TomcatWebServer - Tomcat started on port 8000 (http) with context path '/'
2025-07-13 15:10:44 - com.morosa.abode.AbodeApplication - Started AbodeApplication in 1.718 seconds (process running for 1.84)
2025-07-13 15:10:50 - o.s.b.w.e.tomcat.GracefulShutdown - Commencing graceful shutdown. Waiting for active requests to complete
2025-07-13 15:10:50 - o.s.b.w.e.tomcat.GracefulShutdown - Graceful shutdown complete
2025-07-13 15:10:50 - o.s.o.j.LocalContainerEntityManagerFactoryBean - Closing JPA EntityManagerFactory for persistence unit 'default'
2025-07-13 15:10:50 - com.zaxxer.hikari.HikariDataSource - HikariPool-1 - Shutdown initiated...
2025-07-13 15:10:50 - com.zaxxer.hikari.HikariDataSource - HikariPool-1 - Shutdown completed.
2025-07-13 15:11:48 - o.h.validator.internal.util.Version - HV000001: Hibernate Validator 8.0.2.Final
2025-07-13 15:11:48 - com.morosa.abode.AbodeApplication - Starting AbodeApplication using Java 21.0.7 with PID 36059 (/Users/plutus/Downloads/abode/target/classes started by plutus in /Users/plutus/Downloads/abode)
2025-07-13 15:11:48 - com.morosa.abode.AbodeApplication - No active profile set, falling back to 1 default profile: "default"
2025-07-13 15:11:48 - o.s.d.r.c.RepositoryConfigurationDelegate - Bootstrapping Spring Data JPA repositories in DEFAULT mode.
2025-07-13 15:11:48 - o.s.d.r.c.RepositoryConfigurationDelegate - Finished Spring Data repository scanning in 21 ms. Found 1 JPA repository interface.
2025-07-13 15:11:49 - o.s.b.w.e.tomcat.TomcatWebServer - Tomcat initialized with port 8000 (http)
2025-07-13 15:11:49 - o.a.coyote.http11.Http11NioProtocol - Initializing ProtocolHandler ["http-nio-8000"]
2025-07-13 15:11:49 - o.a.catalina.core.StandardService - Starting service [Tomcat]
2025-07-13 15:11:49 - o.a.catalina.core.StandardEngine - Starting Servlet engine: [Apache Tomcat/10.1.42]
2025-07-13 15:11:49 - o.a.c.c.C.[Tomcat].[localhost].[/] - Initializing Spring embedded WebApplicationContext
2025-07-13 15:11:49 - o.s.b.w.s.c.ServletWebServerApplicationContext - Root WebApplicationContext: initialization completed in 557 ms
2025-07-13 15:11:49 - o.h.jpa.internal.util.LogHelper - HHH000204: Processing PersistenceUnitInfo [name: default]
2025-07-13 15:11:49 - org.hibernate.Version - HHH000412: Hibernate ORM core version 6.6.18.Final
2025-07-13 15:11:49 - o.h.c.i.RegionFactoryInitiator - HHH000026: Second-level cache disabled
2025-07-13 15:11:49 - o.s.o.j.p.SpringPersistenceUnitInfo - No LoadTimeWeaver setup: ignoring JPA class transformer
2025-07-13 15:11:49 - com.zaxxer.hikari.HikariDataSource - HikariPool-1 - Starting...
2025-07-13 15:11:49 - com.zaxxer.hikari.pool.HikariPool - HikariPool-1 - Added connection org.postgresql.jdbc.PgConnection@126675fd
2025-07-13 15:11:49 - com.zaxxer.hikari.HikariDataSource - HikariPool-1 - Start completed.
2025-07-13 15:11:49 - o.hibernate.orm.connections.pooling - HHH10001005: Database info:
	Database JDBC URL [Connecting through datasource 'HikariDataSource (HikariPool-1)']
	Database driver: undefined/unknown
	Database version: 15.13
	Autocommit mode: undefined/unknown
	Isolation level: undefined/unknown
	Minimum pool size: undefined/unknown
	Maximum pool size: undefined/unknown
2025-07-13 15:11:49 - o.h.e.t.j.p.i.JtaPlatformInitiator - HHH000489: No JTA platform available (set 'hibernate.transaction.jta.platform' to enable JTA platform integration)
2025-07-13 15:11:49 - o.s.o.j.LocalContainerEntityManagerFactoryBean - Initialized JPA EntityManagerFactory for persistence unit 'default'
2025-07-13 15:11:50 - o.s.b.a.o.j.JpaBaseConfiguration$JpaWebConfiguration - spring.jpa.open-in-view is enabled by default. Therefore, database queries may be performed during view rendering. Explicitly configure spring.jpa.open-in-view to disable this warning
2025-07-13 15:11:50 - o.s.b.a.s.s.UserDetailsServiceAutoConfiguration - 

Using generated security password: 4fdcb8b9-5822-405b-ab2a-21b81af06281

This generated password is for development use only. Your security configuration must be updated before running your application in production.

2025-07-13 15:11:50 - o.s.s.c.a.a.c.InitializeUserDetailsBeanManagerConfigurer$InitializeUserDetailsManagerConfigurer - Global AuthenticationManager configured with UserDetailsService bean with name inMemoryUserDetailsManager
2025-07-13 15:11:50 - o.s.w.s.m.m.a.RequestMappingHandlerMapping - 4 mappings in 'requestMappingHandlerMapping'
2025-07-13 15:11:50 - o.s.w.s.h.SimpleUrlHandlerMapping - Patterns [/webjars/**, /**] in 'resourceHandlerMapping'
2025-07-13 15:11:50 - o.s.w.s.m.m.a.RequestMappingHandlerAdapter - ControllerAdvice beans: 0 @ModelAttribute, 0 @InitBinder, 1 RequestBodyAdvice, 1 ResponseBodyAdvice
2025-07-13 15:11:50 - o.s.w.s.m.m.a.ExceptionHandlerExceptionResolver - ControllerAdvice beans: 1 @ExceptionHandler, 1 ResponseBodyAdvice
2025-07-13 15:11:50 - o.a.coyote.http11.Http11NioProtocol - Starting ProtocolHandler ["http-nio-8000"]
2025-07-13 15:11:50 - o.s.b.w.e.tomcat.TomcatWebServer - Tomcat started on port 8000 (http) with context path '/'
2025-07-13 15:11:50 - com.morosa.abode.AbodeApplication - Started AbodeApplication in 2.027 seconds (process running for 2.166)
2025-07-13 15:11:59 - o.s.b.w.e.tomcat.GracefulShutdown - Commencing graceful shutdown. Waiting for active requests to complete
2025-07-13 15:11:59 - o.s.b.w.e.tomcat.GracefulShutdown - Graceful shutdown complete
2025-07-13 15:11:59 - o.s.o.j.LocalContainerEntityManagerFactoryBean - Closing JPA EntityManagerFactory for persistence unit 'default'
2025-07-13 15:11:59 - com.zaxxer.hikari.HikariDataSource - HikariPool-1 - Shutdown initiated...
2025-07-13 15:11:59 - com.zaxxer.hikari.HikariDataSource - HikariPool-1 - Shutdown completed.
